  Task1.cpp
C:\Users\User\source\repos\MySystemProgramm\Лаба 1 Задание 2\Task1.cpp(7,1): warning C4326: возвращаемый тип "main" должен быть "int", а не "void"
C:\Users\User\source\repos\MySystemProgramm\Лаба 1 Задание 2\Task1.cpp(14,2): warning C4477: "printf": в строке форматирования "%u" требуется аргумент типа "unsigned int", но вариативный аргумент "1" имеет тип "int *"
C:\Users\User\source\repos\MySystemProgramm\Лаба 1 Задание 2\Task1.cpp(14,2): warning C4313: printf: конфликт "%u" в строке формата с аргументом 1 типа "int *"
C:\Users\User\source\repos\MySystemProgramm\Лаба 1 Задание 2\Task1.cpp(14,2): warning C4477: "printf": в строке форматирования "%u" требуется аргумент типа "unsigned int", но вариативный аргумент "3" имеет тип "int **"
C:\Users\User\source\repos\MySystemProgramm\Лаба 1 Задание 2\Task1.cpp(14,2): warning C4313: printf: конфликт "%u" в строке формата с аргументом 3 типа "int **"
C:\Users\User\source\repos\MySystemProgramm\Лаба 1 Задание 2\Task1.cpp(16,2): warning C4477: "printf": в строке форматирования "%u" требуется аргумент типа "unsigned int", но вариативный аргумент "1" имеет тип "int *"
C:\Users\User\source\repos\MySystemProgramm\Лаба 1 Задание 2\Task1.cpp(16,2): warning C4313: printf: конфликт "%u" в строке формата с аргументом 1 типа "int *"
C:\Users\User\source\repos\MySystemProgramm\Лаба 1 Задание 2\Task1.cpp(16,2): warning C4477: "printf": в строке форматирования "%u" требуется аргумент типа "unsigned int", но вариативный аргумент "3" имеет тип "int **"
C:\Users\User\source\repos\MySystemProgramm\Лаба 1 Задание 2\Task1.cpp(16,2): warning C4313: printf: конфликт "%u" в строке формата с аргументом 3 типа "int **"
C:\Users\User\source\repos\MySystemProgramm\Лаба 1 Задание 2\Task1.cpp(17,2): warning C4477: "printf": в строке форматирования "%u" требуется аргумент типа "unsigned int", но вариативный аргумент "1" имеет тип "int *"
C:\Users\User\source\repos\MySystemProgramm\Лаба 1 Задание 2\Task1.cpp(17,2): warning C4313: printf: конфликт "%u" в строке формата с аргументом 1 типа "int *"
C:\Users\User\source\repos\MySystemProgramm\Лаба 1 Задание 2\Task1.cpp(17,2): warning C4477: "printf": в строке форматирования "%u" требуется аргумент типа "unsigned int", но вариативный аргумент "3" имеет тип "int **"
C:\Users\User\source\repos\MySystemProgramm\Лаба 1 Задание 2\Task1.cpp(17,2): warning C4313: printf: конфликт "%u" в строке формата с аргументом 3 типа "int **"
C:\Users\User\source\repos\MySystemProgramm\Лаба 1 Задание 2\Task1.cpp(26,2): warning C4477: "printf": в строке форматирования "%u" требуется аргумент типа "unsigned int", но вариативный аргумент "1" имеет тип "double *"
C:\Users\User\source\repos\MySystemProgramm\Лаба 1 Задание 2\Task1.cpp(26,2): warning C4313: printf: конфликт "%u" в строке формата с аргументом 1 типа "double *"
C:\Users\User\source\repos\MySystemProgramm\Лаба 1 Задание 2\Task1.cpp(26,2): warning C4477: "printf": в строке форматирования "%d" требуется аргумент типа "int", но вариативный аргумент "2" имеет тип "double"
C:\Users\User\source\repos\MySystemProgramm\Лаба 1 Задание 2\Task1.cpp(26,2): warning C4477: "printf": в строке форматирования "%u" требуется аргумент типа "unsigned int", но вариативный аргумент "3" имеет тип "double **"
C:\Users\User\source\repos\MySystemProgramm\Лаба 1 Задание 2\Task1.cpp(26,2): warning C4313: printf: конфликт "%u" в строке формата с аргументом 3 типа "double **"
C:\Users\User\source\repos\MySystemProgramm\Лаба 1 Задание 2\Task1.cpp(28,2): warning C4477: "printf": в строке форматирования "%u" требуется аргумент типа "unsigned int", но вариативный аргумент "1" имеет тип "double *"
C:\Users\User\source\repos\MySystemProgramm\Лаба 1 Задание 2\Task1.cpp(28,2): warning C4313: printf: конфликт "%u" в строке формата с аргументом 1 типа "double *"
C:\Users\User\source\repos\MySystemProgramm\Лаба 1 Задание 2\Task1.cpp(28,2): warning C4477: "printf": в строке форматирования "%d" требуется аргумент типа "int", но вариативный аргумент "2" имеет тип "double"
C:\Users\User\source\repos\MySystemProgramm\Лаба 1 Задание 2\Task1.cpp(28,2): warning C4477: "printf": в строке форматирования "%u" требуется аргумент типа "unsigned int", но вариативный аргумент "3" имеет тип "double **"
C:\Users\User\source\repos\MySystemProgramm\Лаба 1 Задание 2\Task1.cpp(28,2): warning C4313: printf: конфликт "%u" в строке формата с аргументом 3 типа "double **"
C:\Users\User\source\repos\MySystemProgramm\Лаба 1 Задание 2\Task1.cpp(29,2): warning C4477: "printf": в строке форматирования "%u" требуется аргумент типа "unsigned int", но вариативный аргумент "1" имеет тип "double *"
C:\Users\User\source\repos\MySystemProgramm\Лаба 1 Задание 2\Task1.cpp(29,2): warning C4313: printf: конфликт "%u" в строке формата с аргументом 1 типа "double *"
C:\Users\User\source\repos\MySystemProgramm\Лаба 1 Задание 2\Task1.cpp(29,2): warning C4477: "printf": в строке форматирования "%d" требуется аргумент типа "int", но вариативный аргумент "2" имеет тип "double"
C:\Users\User\source\repos\MySystemProgramm\Лаба 1 Задание 2\Task1.cpp(29,2): warning C4477: "printf": в строке форматирования "%u" требуется аргумент типа "unsigned int", но вариативный аргумент "3" имеет тип "double **"
C:\Users\User\source\repos\MySystemProgramm\Лаба 1 Задание 2\Task1.cpp(29,2): warning C4313: printf: конфликт "%u" в строке формата с аргументом 3 типа "double **"
C:\Users\User\source\repos\MySystemProgramm\Лаба 1 Задание 2\Task1.cpp(31,9): warning C4477: "printf": в строке форматирования "%d" требуется аргумент типа "int", но вариативный аргумент "1" имеет тип "double"
C:\Users\User\source\repos\MySystemProgramm\Лаба 1 Задание 2\Task1.cpp(38,2): warning C4477: "printf": в строке форматирования "%u" требуется аргумент типа "unsigned int", но вариативный аргумент "1" имеет тип "char *"
C:\Users\User\source\repos\MySystemProgramm\Лаба 1 Задание 2\Task1.cpp(38,2): warning C4313: printf: конфликт "%u" в строке формата с аргументом 1 типа "char *"
C:\Users\User\source\repos\MySystemProgramm\Лаба 1 Задание 2\Task1.cpp(38,2): warning C4477: "printf": в строке форматирования "%u" требуется аргумент типа "unsigned int", но вариативный аргумент "3" имеет тип "char **"
C:\Users\User\source\repos\MySystemProgramm\Лаба 1 Задание 2\Task1.cpp(38,2): warning C4313: printf: конфликт "%u" в строке формата с аргументом 3 типа "char **"
C:\Users\User\source\repos\MySystemProgramm\Лаба 1 Задание 2\Task1.cpp(40,2): warning C4477: "printf": в строке форматирования "%u" требуется аргумент типа "unsigned int", но вариативный аргумент "1" имеет тип "char *"
C:\Users\User\source\repos\MySystemProgramm\Лаба 1 Задание 2\Task1.cpp(40,2): warning C4313: printf: конфликт "%u" в строке формата с аргументом 1 типа "char *"
C:\Users\User\source\repos\MySystemProgramm\Лаба 1 Задание 2\Task1.cpp(40,2): warning C4477: "printf": в строке форматирования "%u" требуется аргумент типа "unsigned int", но вариативный аргумент "3" имеет тип "char **"
C:\Users\User\source\repos\MySystemProgramm\Лаба 1 Задание 2\Task1.cpp(40,2): warning C4313: printf: конфликт "%u" в строке формата с аргументом 3 типа "char **"
C:\Users\User\source\repos\MySystemProgramm\Лаба 1 Задание 2\Task1.cpp(41,2): warning C4477: "printf": в строке форматирования "%u" требуется аргумент типа "unsigned int", но вариативный аргумент "1" имеет тип "char *"
C:\Users\User\source\repos\MySystemProgramm\Лаба 1 Задание 2\Task1.cpp(41,2): warning C4313: printf: конфликт "%u" в строке формата с аргументом 1 типа "char *"
C:\Users\User\source\repos\MySystemProgramm\Лаба 1 Задание 2\Task1.cpp(41,2): warning C4477: "printf": в строке форматирования "%u" требуется аргумент типа "unsigned int", но вариативный аргумент "3" имеет тип "char **"
C:\Users\User\source\repos\MySystemProgramm\Лаба 1 Задание 2\Task1.cpp(41,2): warning C4313: printf: конфликт "%u" в строке формата с аргументом 3 типа "char **"
  Лаба 1 Задание 2.vcxproj -> C:\Users\User\source\repos\MySystemProgramm\x64\Debug\Лаба 1 Задание 2.exe
