c:\users\user\source\repos\mysystemprogramm\mysystemprogramm\x64\debug\vc143.pdb
c:\users\user\source\repos\mysystemprogramm\mysystemprogramm\x64\debug\vc143.idb
c:\users\user\source\repos\mysystemprogramm\mysystemprogramm\x64\debug\mysystemprogramm.obj
c:\users\user\source\repos\mysystemprogramm\mysystemprogramm\x64\debug\laba1.obj
c:\users\user\source\repos\mysystemprogramm\mysystemprogramm\x64\debug\test.obj
c:\users\user\source\repos\mysystemprogramm\mysystemprogramm\x64\debug\mysystemprogramm.ilk
c:\users\user\source\repos\mysystemprogramm\x64\debug\лаба 1 задание 1.pdb
c:\users\user\source\repos\mysystemprogramm\mysystemprogramm\x64\debug\лаба 1 задание 1.tlog\cl.command.1.tlog
c:\users\user\source\repos\mysystemprogramm\mysystemprogramm\x64\debug\лаба 1 задание 1.tlog\cl.read.1.tlog
c:\users\user\source\repos\mysystemprogramm\mysystemprogramm\x64\debug\лаба 1 задание 1.tlog\cl.write.1.tlog
c:\users\user\source\repos\mysystemprogramm\mysystemprogramm\x64\debug\лаба 1 задание 1.tlog\link-cvtres.read.1.tlog
c:\users\user\source\repos\mysystemprogramm\mysystemprogramm\x64\debug\лаба 1 задание 1.tlog\link-cvtres.write.1.tlog
c:\users\user\source\repos\mysystemprogramm\mysystemprogramm\x64\debug\лаба 1 задание 1.tlog\link-rc.read.1.tlog
c:\users\user\source\repos\mysystemprogramm\mysystemprogramm\x64\debug\лаба 1 задание 1.tlog\link-rc.write.1.tlog
c:\users\user\source\repos\mysystemprogramm\mysystemprogramm\x64\debug\лаба 1 задание 1.tlog\link.command.1.tlog
c:\users\user\source\repos\mysystemprogramm\mysystemprogramm\x64\debug\лаба 1 задание 1.tlog\link.read.1.tlog
c:\users\user\source\repos\mysystemprogramm\mysystemprogramm\x64\debug\лаба 1 задание 1.tlog\link.read.2.tlog
c:\users\user\source\repos\mysystemprogramm\mysystemprogramm\x64\debug\лаба 1 задание 1.tlog\link.read.3.tlog
c:\users\user\source\repos\mysystemprogramm\mysystemprogramm\x64\debug\лаба 1 задание 1.tlog\link.read.4.tlog
c:\users\user\source\repos\mysystemprogramm\mysystemprogramm\x64\debug\лаба 1 задание 1.tlog\link.write.1.tlog
